C51 COMPILER V9.57.0.0   MAIN                                                              06/09/2018 19:58:37 PAGE 1   


C51 COMPILER V9.57.0.0, COMPILATION OF MODULE MAIN
OBJECT MODULE PLACED IN main.OBJ
COMPILER INVOKED BY: F:\keil\C51\BIN\C51.EXE main.c OPTIMIZE(8,SPEED) BROWSE DEBUG OBJECTEXTEND TABS(2)

line level    source

   1          /*******************************************************************************
   2          * 实验名         : 1602显示红外线值实验
   3          * 使用的IO       : 电机用P1口,键盘使用P3.0、P3.1、P3.2、P3.3
   4          * 实验效果       : LCD1602显示出读取到的红外线的值
   5          * 注意           ：
   6          *******************************************************************************/ 
   7           #include<reg51.h>
   8           #include"lcd.h"
   9          #define LED  P2
  10          
  11          sbit IRIN=P3^3;
  12          
  13          
  14          unsigned char code CDIS1[13]={" Red Control "};
  15          unsigned char code CDIS2[13]={" IR-CODE:--H "};
  16          unsigned char IrValue[6];
  17          unsigned char Time;
  18          void IrInit();
  19          void DelayMs(unsigned int );
  20          void UsartConfiguration();
  21          /*******************************************************************************
  22          * 函数名         : main
  23          * 函数功能       : 主函数
  24          * 输入           : 无
  25          * 输出           : 无
  26          *******************************************************************************/
  27          
  28          void main()
  29          {
  30   1        unsigned char i;
  31   1        IrInit();
  32   1        UsartConfiguration(); 
  33   1        while(1)
  34   1        {
  35   2         
  36   2        }
  37   1      }
*** WARNING C280 IN LINE 30 OF main.c: 'i': unreferenced local variable
  38          
  39          
  40                           
  41          /*******************************************************************************
  42          * 函数名         : DelayMs()
  43          * 函数功能       : 延时
  44          * 输入           : x
  45          * 输出           : 无
  46          *******************************************************************************/
  47          
  48          void DelayMs(unsigned int x)   //0.14ms误差 0us
  49          {
  50   1       unsigned char i;
  51   1        while(x--)
  52   1       {
  53   2        for (i = 0; i<13; i++)
  54   2       {}
C51 COMPILER V9.57.0.0   MAIN                                                              06/09/2018 19:58:37 PAGE 2   

  55   2       }
  56   1      }
  57          /*******************************************************************************
  58          * 函数名         : IrInit()
  59          * 函数功能       : 初始化红外线接收
  60          * 输入           : 无
  61          * 输出           : 无
  62          *******************************************************************************/
  63          
  64          void IrInit()
  65          {  
  66   1        IT1=1;//下降沿触发
  67   1        EX1=1;//打开中断0允许
  68   1        EA=1; //打开总中断
  69   1      
  70   1        IRIN=1;//初始化端口
  71   1      }
  72          /*******************************************************************************
  73          * 函数名         : ReadIr()
  74          * 函数功能       : 读取红外数值的中断函数
  75          * 输入           : 无
  76          * 输出           : 无
  77          *******************************************************************************/
  78          
  79          void ReadIr() interrupt 2
  80          {
  81   1        unsigned char j,k;
  82   1        unsigned int err;
  83   1        Time=0;          
  84   1        DelayMs(70);
  85   1      
  86   1        if(IRIN==0)   //确认是否真的接收到正确的信号
  87   1        {  
  88   2          
  89   2          err=1000;       //1000*10us=10ms,超过说明接收到错误的信号
  90   2          /*当两个条件都为真是循环，如果有一个条件为假的时候跳出循环，免得程序出错的时
  91   2          侯，程序死在这里*/  
  92   2          while((IRIN==0)&&(err>0)) //等待前面9ms的低电平过去     
  93   2          {     
  94   3            DelayMs(1);
  95   3            err--;
  96   3          } 
  97   2          if(IRIN==1)     //如果正确等到9ms低电平
  98   2          {
  99   3            err=500;
 100   3            while((IRIN==1)&&(err>0))    //等待4.5ms的起始高电平过去
 101   3            {
 102   4              DelayMs(1);
 103   4              err--;
 104   4            }
 105   3            for(k=0;k<4;k++)    //共有4组数据
 106   3            {       
 107   4              for(j=0;j<8;j++)  //接收一组数据
 108   4              {
 109   5      
 110   5                err=60;   
 111   5                while((IRIN==0)&&(err>0))//等待信号前面的560us低电平过去
 112   5                while (!IRIN)
 113   5                {
 114   6                  DelayMs(1);
 115   6                  err--;
 116   6                }
C51 COMPILER V9.57.0.0   MAIN                                                              06/09/2018 19:58:37 PAGE 3   

 117   5                err=500;
 118   5                while((IRIN==1)&&(err>0))  //计算高电平的时间长度。
 119   5                {
 120   6                  DelayMs(1);//0.14ms
 121   6                  Time++;
 122   6                  err--;
 123   6                  if(Time>30)
 124   6                  {
 125   7                    EX0=1;
 126   7                    return;
 127   7                  }
 128   6                }
 129   5                IrValue[k]>>=1;  //k表示第几组数据
 130   5                if(Time>=8)     //如果高电平出现大于565us，那么是1
 131   5                {
 132   6                  IrValue[k]|=0x80;
 133   6                }
 134   5                Time=0;   //用完时间要重新赋值              
 135   5              }
 136   4            }
 137   3          }  
 138   2              SBUF=IrValue[2];
 139   2          if(IrValue[2]!=~IrValue[3])
 140   2          {
 141   3            return;
 142   3          }
 143   2        }     
 144   1      }
 145          
 146          
 147          void UsartConfiguration()
 148          {
 149   1        SCON=0X50;      //设置为工作方式1
 150   1        TMOD=0X20;      //设置计数器工作方式2
 151   1        PCON=0X80;      //波特率加倍
 152   1        TH1=0XF3;       //计数器初始值设置，注意波特率是4800的
 153   1        TL1=0XF3;
 154   1        ES=1;           //打开接收中断
 155   1        EA=1;           //打开总中断
 156   1        TR1=1;          //打开计数器
 157   1      }
 158          
 159          /*******************************************************************************
 160          * 函数名         :Delay(unsigned int i)
 161          * 函数功能       : 延时函数
 162          * 输入           : 无
 163          * 输出           : 无
 164          *******************************************************************************/
 165          void Usart() interrupt 4
 166          {
 167   1        unsigned char receiveData;
 168   1      
 169   1        receiveData=SBUF;//出去接收到的数据
 170   1        RI = 0;//清除接收中断标志位
 171   1        SBUF=IrValue[2];//将接收到的数据放入到发送寄存器
 172   1        while(!TI);      //等待发送数据完成
 173   1        TI=0;            //清除发送完成标志位
 174   1      }


MODULE INFORMATION:   STATIC OVERLAYABLE
   CODE SIZE        =    332    ----
C51 COMPILER V9.57.0.0   MAIN                                                              06/09/2018 19:58:37 PAGE 4   

   CONSTANT SIZE    =     26    ----
   XDATA SIZE       =   ----    ----
   PDATA SIZE       =   ----    ----
   DATA SIZE        =      7       3
   IDATA SIZE       =   ----    ----
   BIT SIZE         =   ----    ----
END OF MODULE INFORMATION.


C51 COMPILATION COMPLETE.  1 WARNING(S),  0 ERROR(S)
